Student login attempt unsuccesfull. Student not found with 154545454 at 2024-01-04 01:35:48
Student login attempt unsuccesfull. Student not found with 12312312 at 2024-01-04 01:38:16
Student login attempt unsuccesfull. Student not found with 12312312 at 2024-01-04 01:38:30
Student with mnumber 12001093 loginned. at 2024-01-04 01:42:10
There is no such a course: 0 for student with number 12001093 at 2024-01-04 01:42:17
You have already completed this course: EE2032 for student with number 12001093 at 2024-01-04 01:42:29
Student with mnumber 12001093 loginned. at 2024-01-04 01:43:45
Lecturer login successful, lecturer 10063850 is log inned. at 2024-01-04 02:00:32
Lecturer login successful, lecturer 10063850 is log inned. at 2024-01-04 02:02:24
Lecturer login successful, lecturer 10063850 is log inned. at 2024-01-04 02:05:48
Advisor login attempt successfull. Advisor with 10063850 loginned at 2024-01-04 02:06:29
Student with number 12058287  graded  for CSE3055. Grade is 75.0 at 2024-01-04 02:07:37
Advisor 10063850 entered invalid registration status at 2024-01-04 02:07:49
Advisor login attempt successfull. Advisor with 10063850 loginned at 2024-01-04 02:08:09
Advisor 10063850 entered invalid registration status at 2024-01-04 02:08:15
Advisor login attempt successfull. Advisor with 10063850 loginned at 2024-01-04 02:09:18
Advisor 10063850 entered invalid registration status at 2024-01-04 02:09:23
Advisor login attempt successfull. Advisor with 10063850 loginned at 2024-01-04 02:11:10
Advisor login attempt successfull. Advisor with 10063850 loginned at 2024-01-04 02:12:14
Advisor login attempt successfull. Advisor with 10063850 loginned at 2024-01-04 02:13:09
Advisor login attempt successfull. Advisor with 10063850 loginned at 2024-01-04 02:16:00
Advisor login attempt successfull. Advisor with 10063850 loginned at 2024-01-04 02:16:42
Advisor 10063850 entered invalid registration status at 2024-01-04 02:17:25
